<?xml version="1.0" encoding="UTF-8"?>
<!-- Generated by org.testng.reporters.JUnitReportReporter -->
<testsuite hostname="LAPTOP-DNJ0R05K" failures="0" tests="1" name="omecenTestNG.tests.PaymentsTest" time="11.991" errors="0" timestamp="2021-12-11T16:14:19 EST" skipped="0">
  <testcase classname="omecenTestNG.tests.PaymentsTest" name="paymentsTest" time="11.991"/>
  <system-out/>
</testsuite> <!-- omecenTestNG.tests.PaymentsTest -->
