<?xml version="1.0" encoding="UTF-8"?>
<!-- Generated by org.testng.reporters.JUnitReportReporter -->
<testsuite hostname="LAPTOP-DNJ0R05K" failures="0" tests="1" name="omecenTestNG.tests.LoginTest" time="1.600" errors="0" timestamp="2021-12-08T20:38:32 EST" skipped="0">
  <testcase classname="omecenTestNG.tests.LoginTest" name="possitiveLogin" time="1.600"/>
  <system-out/>
</testsuite> <!-- omecenTestNG.tests.LoginTest -->
