<?xml version="1.0" encoding="UTF-8"?>
<!-- Generated by org.testng.reporters.JUnitReportReporter -->
<testsuite hostname="LAPTOP-DNJ0R05K" failures="0" tests="1" name="omecenTestNG.base.BaseClass" time="3.386" errors="0" timestamp="2021-11-26T06:35:16 EST" skipped="0">
  <testcase classname="omecenTestNG.base.BaseClass" name="oppenApp" time="3.386"/>
  <system-out/>
</testsuite> <!-- omecenTestNG.base.BaseClass -->
