<?xml version="1.0" encoding="UTF-8"?>
<!-- Generated by org.testng.reporters.JUnitReportReporter -->
<testsuite hostname="LAPTOP-DNJ0R05K" failures="0" tests="2" name="omecenTestNG.tests.PurchasePage" time="0.010" errors="1" timestamp="2021-12-11T16:06:16 EST" skipped="1">
  <testcase classname="omecenTestNG.tests.PurchasePage" name="PurchaseTest" time="0.000">
    <skipped/>
  </testcase> <!-- PurchaseTest -->
  <system-out/>
  <testcase classname="omecenTestNG.tests.PurchasePage" name="oppenApplication" time="0.010">
    <error type="java.lang.StackOverflowError">
      <![CDATA[java.lang.StackOverflowError
at omecenTestNG.tests.PurchasePage.oppenApplication(PurchasePage.java:12)
at omecenTestNG.tests.PurchasePage.oppenApplication(PurchasePage.java:12)
at omecenTestNG.tests.PurchasePage.oppenApplication(PurchasePage.java:12)
at omecenTestNG.tests.PurchasePage.oppenApplication(PurchasePage.java:12)
at omecenTestNG.tests.PurchasePage.oppenApplication(PurchasePage.java:12)
at omecenTestNG.tests.PurchasePage.oppenApplication(PurchasePage.java:12)
at omecenTestNG.tests.PurchasePage.oppenApplication(PurchasePage.java:12)
at omecenTestNG.tests.PurchasePage.oppenApplication(PurchasePage.java:12)
at omecenTestNG.tests.PurchasePage.oppenApplication(PurchasePage.java:12)
at omecenTestNG.tests.PurchasePage.oppenApplication(PurchasePage.java:12)
at omecenTestNG.tests.PurchasePage.oppenApplication(PurchasePage.java:12)
at omecenTestNG.tests.PurchasePage.oppenApplication(PurchasePage.java:12)
at omecenTestNG.tests.PurchasePage.oppenApplication(PurchasePage.java:12)
at omecenTestNG.tests.PurchasePage.oppenApplication(PurchasePage.java:12)
at omecenTestNG.tests.PurchasePage.oppenApplication(PurchasePage.java:12)
at omecenTestNG.tests.PurchasePage.oppenApplication(PurchasePage.java:12)
at omecenTestNG.tests.PurchasePage.oppenApplication(PurchasePage.java:12)
at omecenTestNG.tests.PurchasePage.oppenApplication(PurchasePage.java:12)
at omecenTestNG.tests.PurchasePage.oppenApplication(PurchasePage.java:12)
at omecenTestNG.tests.PurchasePage.oppenApplication(PurchasePage.java:12)
at omecenTestNG.tests.PurchasePage.oppenApplication(PurchasePage.java:12)
at omecenTestNG.tests.PurchasePage.oppenApplication(PurchasePage.java:12)
at omecenTestNG.tests.PurchasePage.oppenApplication(PurchasePage.java:12)
at omecenTestNG.tests.PurchasePage.oppenApplication(PurchasePage.java:12)
at omecenTestNG.tests.PurchasePage.oppenApplication(PurchasePage.java:12)
at omecenTestNG.tests.PurchasePage.oppenApplication(PurchasePage.java:12)
at omecenTestNG.tests.PurchasePage.oppenApplication(PurchasePage.java:12)
at omecenTestNG.tests.PurchasePage.oppenApplication(PurchasePage.java:12)
at omecenTestNG.tests.PurchasePage.oppenApplication(PurchasePage.java:12)
at omecenTestNG.tests.PurchasePage.oppenApplication(PurchasePage.java:12)
at omecenTestNG.tests.PurchasePage.oppenApplication(PurchasePage.java:12)
at omecenTestNG.tests.PurchasePage.oppenApplication(PurchasePage.java:12)
at omecenTestNG.tests.PurchasePage.oppenApplication(PurchasePage.java:12)
at omecenTestNG.tests.PurchasePage.oppenApplication(PurchasePage.java:12)
at omecenTestNG.tests.PurchasePage.oppenApplication(PurchasePage.java:12)
at omecenTestNG.tests.PurchasePage.oppenApplication(PurchasePage.java:12)
at omecenTestNG.tests.PurchasePage.oppenApplication(PurchasePage.java:12)
at omecenTestNG.tests.PurchasePage.oppenApplication(PurchasePage.java:12)
at omecenTestNG.tests.PurchasePage.oppenApplication(PurchasePage.java:12)
at omecenTestNG.tests.PurchasePage.oppenApplication(PurchasePage.java:12)
at omecenTestNG.tests.PurchasePage.oppenApplication(PurchasePage.java:12)
at omecenTestNG.tests.PurchasePage.oppenApplication(PurchasePage.java:12)
at omecenTestNG.tests.PurchasePage.oppenApplication(PurchasePage.java:12)
at omecenTestNG.tests.PurchasePage.oppenApplication(PurchasePage.java:12)
at omecenTestNG.tests.PurchasePage.oppenApplication(PurchasePage.java:12)
at omecenTestNG.tests.PurchasePage.oppenApplication(PurchasePage.java:12)
at omecenTestNG.tests.PurchasePage.oppenApplication(PurchasePage.java:12)
at omecenTestNG.tests.PurchasePage.oppenApplication(PurchasePage.java:12)
at omecenTestNG.tests.PurchasePage.oppenApplication(PurchasePage.java:12)
at omecenTestNG.tests.PurchasePage.oppenApplication(PurchasePage.java:12)
at omecenTestNG.tests.PurchasePage.oppenApplication(PurchasePage.java:12)
at omecenTestNG.tests.PurchasePage.oppenApplication(PurchasePage.java:12)
at omecenTestNG.tests.PurchasePage.oppenApplication(PurchasePage.java:12)
at omecenTestNG.tests.PurchasePage.oppenApplication(PurchasePage.java:12)
at omecenTestNG.tests.PurchasePage.oppenApplication(PurchasePage.java:12)
at omecenTestNG.tests.PurchasePage.oppenApplication(PurchasePage.java:12)
at omecenTestNG.tests.PurchasePage.oppenApplication(PurchasePage.java:12)
at omecenTestNG.tests.PurchasePage.oppenApplication(PurchasePage.java:12)
at omecenTestNG.tests.PurchasePage.oppenApplication(PurchasePage.java:12)
at omecenTestNG.tests.PurchasePage.oppenApplication(PurchasePage.java:12)
at omecenTestNG.tests.PurchasePage.oppenApplication(PurchasePage.java:12)
at omecenTestNG.tests.PurchasePage.oppenApplication(PurchasePage.java:12)
at omecenTestNG.tests.PurchasePage.oppenApplication(PurchasePage.java:12)
at omecenTestNG.tests.PurchasePage.oppenApplication(PurchasePage.java:12)
at omecenTestNG.tests.PurchasePage.oppenApplication(PurchasePage.java:12)
at omecenTestNG.tests.PurchasePage.oppenApplication(PurchasePage.java:12)
at omecenTestNG.tests.PurchasePage.oppenApplication(PurchasePage.java:12)
at omecenTestNG.tests.PurchasePage.oppenApplication(PurchasePage.java:12)
at omecenTestNG.tests.PurchasePage.oppenApplication(PurchasePage.java:12)
at omecenTestNG.tests.PurchasePage.oppenApplication(PurchasePage.java:12)
at omecenTestNG.tests.PurchasePage.oppenApplication(PurchasePage.java:12)
at omecenTestNG.tests.PurchasePage.oppenApplication(PurchasePage.java:12)
at omecenTestNG.tests.PurchasePage.oppenApplication(PurchasePage.java:12)
at omecenTestNG.tests.PurchasePage.oppenApplication(PurchasePage.java:12)
at omecenTestNG.tests.PurchasePage.oppenApplication(PurchasePage.java:12)
at omecenTestNG.tests.PurchasePage.oppenApplication(PurchasePage.java:12)
at omecenTestNG.tests.PurchasePage.oppenApplication(PurchasePage.java:12)
at omecenTestNG.tests.PurchasePage.oppenApplication(PurchasePage.java:12)
at omecenTestNG.tests.PurchasePage.oppenApplication(PurchasePage.java:12)
at omecenTestNG.tests.PurchasePage.oppenApplication(PurchasePage.java:12)
at omecenTestNG.tests.PurchasePage.oppenApplication(PurchasePage.java:12)
at omecenTestNG.tests.PurchasePage.oppenApplication(PurchasePage.java:12)
at omecenTestNG.tests.PurchasePage.oppenApplication(PurchasePage.java:12)
at omecenTestNG.tests.PurchasePage.oppenApplication(PurchasePage.java:12)
at omecenTestNG.tests.PurchasePage.oppenApplication(PurchasePage.java:12)
at omecenTestNG.tests.PurchasePage.oppenApplication(PurchasePage.java:12)
at omecenTestNG.tests.PurchasePage.oppenApplication(PurchasePage.java:12)
at omecenTestNG.tests.PurchasePage.oppenApplication(PurchasePage.java:12)
at omecenTestNG.tests.PurchasePage.oppenApplication(PurchasePage.java:12)
at omecenTestNG.tests.PurchasePage.oppenApplication(PurchasePage.java:12)
at omecenTestNG.tests.PurchasePage.oppenApplication(PurchasePage.java:12)
at omecenTestNG.tests.PurchasePage.oppenApplication(PurchasePage.java:12)
at omecenTestNG.tests.PurchasePage.oppenApplication(PurchasePage.java:12)
at omecenTestNG.tests.PurchasePage.oppenApplication(PurchasePage.java:12)
at omecenTestNG.tests.PurchasePage.oppenApplication(PurchasePage.java:12)
at omecenTestNG.tests.PurchasePage.oppenApplication(PurchasePage.java:12)
at omecenTestNG.tests.PurchasePage.oppenApplication(PurchasePage.java:12)
at omecenTestNG.tests.PurchasePage.oppenApplication(PurchasePage.java:12)
at omecenTestNG.tests.PurchasePage.oppenApplication(PurchasePage.java:12)
at omecenTestNG.tests.PurchasePage.oppenApplication(PurchasePage.java:12)
at omecenTestNG.tests.PurchasePage.oppenApplication(PurchasePage.java:12)
at omecenTestNG.tests.PurchasePage.oppenApplication(PurchasePage.java:12)
at omecenTestNG.tests.PurchasePage.oppenApplication(PurchasePage.java:12)
at omecenTestNG.tests.PurchasePage.oppenApplication(PurchasePage.java:12)
at omecenTestNG.tests.PurchasePage.oppenApplication(PurchasePage.java:12)
at omecenTestNG.tests.PurchasePage.oppenApplication(PurchasePage.java:12)
at omecenTestNG.tests.PurchasePage.oppenApplication(PurchasePage.java:12)
at omecenTestNG.tests.PurchasePage.oppenApplication(PurchasePage.java:12)
at omecenTestNG.tests.PurchasePage.oppenApplication(PurchasePage.java:12)
at omecenTestNG.tests.PurchasePage.oppenApplication(PurchasePage.java:12)
at omecenTestNG.tests.PurchasePage.oppenApplication(PurchasePage.java:12)
at omecenTestNG.tests.PurchasePage.oppenApplication(PurchasePage.java:12)
at omecenTestNG.tests.PurchasePage.oppenApplication(PurchasePage.java:12)
at omecenTestNG.tests.PurchasePage.oppenApplication(PurchasePage.java:12)
at omecenTestNG.tests.PurchasePage.oppenApplication(PurchasePage.java:12)
at omecenTestNG.tests.PurchasePage.oppenApplication(PurchasePage.java:12)
at omecenTestNG.tests.PurchasePage.oppenApplication(PurchasePage.java:12)
at omecenTestNG.tests.PurchasePage.oppenApplication(PurchasePage.java:12)
at omecenTestNG.tests.PurchasePage.oppenApplication(PurchasePage.java:12)
at omecenTestNG.tests.PurchasePage.oppenApplication(PurchasePage.java:12)
at omecenTestNG.tests.PurchasePage.oppenApplication(PurchasePage.java:12)
at omecenTestNG.tests.PurchasePage.oppenApplication(PurchasePage.java:12)
at omecenTestNG.tests.PurchasePage.oppenApplication(PurchasePage.java:12)
at omecenTestNG.tests.PurchasePage.oppenApplication(PurchasePage.java:12)
at omecenTestNG.tests.PurchasePage.oppenApplication(PurchasePage.java:12)
at omecenTestNG.tests.PurchasePage.oppenApplication(PurchasePage.java:12)
at omecenTestNG.tests.PurchasePage.oppenApplication(PurchasePage.java:12)
at omecenTestNG.tests.PurchasePage.oppenApplication(PurchasePage.java:12)
at omecenTestNG.tests.PurchasePage.oppenApplication(PurchasePage.java:12)
at omecenTestNG.tests.PurchasePage.oppenApplication(PurchasePage.java:12)
at omecenTestNG.tests.PurchasePage.oppenApplication(PurchasePage.java:12)
at omecenTestNG.tests.PurchasePage.oppenApplication(PurchasePage.java:12)
at omecenTestNG.tests.PurchasePage.oppenApplication(PurchasePage.java:12)
at omecenTestNG.tests.PurchasePage.oppenApplication(PurchasePage.java:12)
at omecenTestNG.tests.PurchasePage.oppenApplication(PurchasePage.java:12)
at omecenTestNG.tests.PurchasePage.oppenApplication(PurchasePage.java:12)
at omecenTestNG.tests.PurchasePage.oppenApplication(PurchasePage.java:12)
at omecenTestNG.tests.PurchasePage.oppenApplication(PurchasePage.java:12)
at omecenTestNG.tests.PurchasePage.oppenApplication(PurchasePage.java:12)
at omecenTestNG.tests.PurchasePage.oppenApplication(PurchasePage.java:12)
at omecenTestNG.tests.PurchasePage.oppenApplication(PurchasePage.java:12)
at omecenTestNG.tests.PurchasePage.oppenApplication(PurchasePage.java:12)
at omecenTestNG.tests.PurchasePage.oppenApplication(PurchasePage.java:12)
at omecenTestNG.tests.PurchasePage.oppenApplication(PurchasePage.java:12)
at omecenTestNG.tests.PurchasePage.oppenApplication(PurchasePage.java:12)
at omecenTestNG.tests.PurchasePage.oppenApplication(PurchasePage.java:12)
at omecenTestNG.tests.PurchasePage.oppenApplication(PurchasePage.java:12)
at omecenTestNG.tests.PurchasePage.oppenApplication(PurchasePage.java:12)
at omecenTestNG.tests.PurchasePage.oppenApplication(PurchasePage.java:12)
at omecenTestNG.tests.PurchasePage.oppenApplication(PurchasePage.java:12)
at omecenTestNG.tests.PurchasePage.oppenApplication(PurchasePage.java:12)
at omecenTestNG.tests.PurchasePage.oppenApplication(PurchasePage.java:12)
at omecenTestNG.tests.PurchasePage.oppenApplication(PurchasePage.java:12)
at omecenTestNG.tests.PurchasePage.oppenApplication(PurchasePage.java:12)
at omecenTestNG.tests.PurchasePage.oppenApplication(PurchasePage.java:12)
at omecenTestNG.tests.PurchasePage.oppenApplication(PurchasePage.java:12)
at omecenTestNG.tests.PurchasePage.oppenApplication(PurchasePage.java:12)
at omecenTestNG.tests.PurchasePage.oppenApplication(PurchasePage.java:12)
at omecenTestNG.tests.PurchasePage.oppenApplication(PurchasePage.java:12)
at omecenTestNG.tests.PurchasePage.oppenApplication(PurchasePage.java:12)
at omecenTestNG.tests.PurchasePage.oppenApplication(PurchasePage.java:12)
at omecenTestNG.tests.PurchasePage.oppenApplication(PurchasePage.java:12)
at omecenTestNG.tests.PurchasePage.oppenApplication(PurchasePage.java:12)
at omecenTestNG.tests.PurchasePage.oppenApplication(PurchasePage.java:12)
at omecenTestNG.tests.PurchasePage.oppenApplication(PurchasePage.java:12)
at omecenTestNG.tests.PurchasePage.oppenApplication(PurchasePage.java:12)
at omecenTestNG.tests.PurchasePage.oppenApplication(PurchasePage.java:12)
at omecenTestNG.tests.PurchasePage.oppenApplication(PurchasePage.java:12)
at omecenTestNG.tests.PurchasePage.oppenApplication(PurchasePage.java:12)
at omecenTestNG.tests.PurchasePage.oppenApplication(PurchasePage.java:12)
at omecenTestNG.tests.PurchasePage.oppenApplication(PurchasePage.java:12)
at omecenTestNG.tests.PurchasePage.oppenApplication(PurchasePage.java:12)
at omecenTestNG.tests.PurchasePage.oppenApplication(PurchasePage.java:12)
at omecenTestNG.tests.PurchasePage.oppenApplication(PurchasePage.java:12)
at omecenTestNG.tests.PurchasePage.oppenApplication(PurchasePage.java:12)
at omecenTestNG.tests.PurchasePage.oppenApplication(PurchasePage.java:12)
at omecenTestNG.tests.PurchasePage.oppenApplication(PurchasePage.java:12)
at omecenTestNG.tests.PurchasePage.oppenApplication(PurchasePage.java:12)
at omecenTestNG.tests.PurchasePage.oppenApplication(PurchasePage.java:12)
at omecenTestNG.tests.PurchasePage.oppenApplication(PurchasePage.java:12)
at omecenTestNG.tests.PurchasePage.oppenApplication(PurchasePage.java:12)
at omecenTestNG.tests.PurchasePage.oppenApplication(PurchasePage.java:12)
at omecenTestNG.tests.PurchasePage.oppenApplication(PurchasePage.java:12)
at omecenTestNG.tests.PurchasePage.oppenApplication(PurchasePage.java:12)
at omecenTestNG.tests.PurchasePage.oppenApplication(PurchasePage.java:12)
at omecenTestNG.tests.PurchasePage.oppenApplication(PurchasePage.java:12)
at omecenTestNG.tests.PurchasePage.oppenApplication(PurchasePage.java:12)
at omecenTestNG.tests.PurchasePage.oppenApplication(PurchasePage.java:12)
at omecenTestNG.tests.PurchasePage.oppenApplication(PurchasePage.java:12)
at omecenTestNG.tests.PurchasePage.oppenApplication(PurchasePage.java:12)
at omecenTestNG.tests.PurchasePage.oppenApplication(PurchasePage.java:12)
at omecenTestNG.tests.PurchasePage.oppenApplication(PurchasePage.java:12)
at omecenTestNG.tests.PurchasePage.oppenApplication(PurchasePage.java:12)
at omecenTestNG.tests.PurchasePage.oppenApplication(PurchasePage.java:12)
at omecenTestNG.tests.PurchasePage.oppenApplication(PurchasePage.java:12)
at omecenTestNG.tests.PurchasePage.oppenApplication(PurchasePage.java:12)
at omecenTestNG.tests.PurchasePage.oppenApplication(PurchasePage.java:12)
at omecenTestNG.tests.PurchasePage.oppenApplication(PurchasePage.java:12)
at omecenTestNG.tests.PurchasePage.oppenApplication(PurchasePage.java:12)
at omecenTestNG.tests.PurchasePage.oppenApplication(PurchasePage.java:12)
at omecenTestNG.tests.PurchasePage.oppenApplication(PurchasePage.java:12)
at omecenTestNG.tests.PurchasePage.oppenApplication(PurchasePage.java:12)
at omecenTestNG.tests.PurchasePage.oppenApplication(PurchasePage.java:12)
at omecenTestNG.tests.PurchasePage.oppenApplication(PurchasePage.java:12)
at omecenTestNG.tests.PurchasePage.oppenApplication(PurchasePage.java:12)
at omecenTestNG.tests.PurchasePage.oppenApplication(PurchasePage.java:12)
at omecenTestNG.tests.PurchasePage.oppenApplication(PurchasePage.java:12)
at omecenTestNG.tests.PurchasePage.oppenApplication(PurchasePage.java:12)
at omecenTestNG.tests.PurchasePage.oppenApplication(PurchasePage.java:12)
at omecenTestNG.tests.PurchasePage.oppenApplication(PurchasePage.java:12)
at omecenTestNG.tests.PurchasePage.oppenApplication(PurchasePage.java:12)
at omecenTestNG.tests.PurchasePage.oppenApplication(PurchasePage.java:12)
at omecenTestNG.tests.PurchasePage.oppenApplication(PurchasePage.java:12)
at omecenTestNG.tests.PurchasePage.oppenApplication(PurchasePage.java:12)
at omecenTestNG.tests.PurchasePage.oppenApplication(PurchasePage.java:12)
at omecenTestNG.tests.PurchasePage.oppenApplication(PurchasePage.java:12)
at omecenTestNG.tests.PurchasePage.oppenApplication(PurchasePage.java:12)
at omecenTestNG.tests.PurchasePage.oppenApplication(PurchasePage.java:12)
at omecenTestNG.tests.PurchasePage.oppenApplication(PurchasePage.java:12)
at omecenTestNG.tests.PurchasePage.oppenApplication(PurchasePage.java:12)
at omecenTestNG.tests.PurchasePage.oppenApplication(PurchasePage.java:12)
at omecenTestNG.tests.PurchasePage.oppenApplication(PurchasePage.java:12)
at omecenTestNG.tests.PurchasePage.oppenApplication(PurchasePage.java:12)
at omecenTestNG.tests.PurchasePage.oppenApplication(PurchasePage.java:12)
at omecenTestNG.tests.PurchasePage.oppenApplication(PurchasePage.java:12)
at omecenTestNG.tests.PurchasePage.oppenApplication(PurchasePage.java:12)
at omecenTestNG.tests.PurchasePage.oppenApplication(PurchasePage.java:12)
at omecenTestNG.tests.PurchasePage.oppenApplication(PurchasePage.java:12)
at omecenTestNG.tests.PurchasePage.oppenApplication(PurchasePage.java:12)
at omecenTestNG.tests.PurchasePage.oppenApplication(PurchasePage.java:12)
at omecenTestNG.tests.PurchasePage.oppenApplication(PurchasePage.java:12)
at omecenTestNG.tests.PurchasePage.oppenApplication(PurchasePage.java:12)
at omecenTestNG.tests.PurchasePage.oppenApplication(PurchasePage.java:12)
at omecenTestNG.tests.PurchasePage.oppenApplication(PurchasePage.java:12)
at omecenTestNG.tests.PurchasePage.oppenApplication(PurchasePage.java:12)
at omecenTestNG.tests.PurchasePage.oppenApplication(PurchasePage.java:12)
at omecenTestNG.tests.PurchasePage.oppenApplication(PurchasePage.java:12)
at omecenTestNG.tests.PurchasePage.oppenApplication(PurchasePage.java:12)
at omecenTestNG.tests.PurchasePage.oppenApplication(PurchasePage.java:12)
at omecenTestNG.tests.PurchasePage.oppenApplication(PurchasePage.java:12)
at omecenTestNG.tests.PurchasePage.oppenApplication(PurchasePage.java:12)
at omecenTestNG.tests.PurchasePage.oppenApplication(PurchasePage.java:12)
at omecenTestNG.tests.PurchasePage.oppenApplication(PurchasePage.java:12)
at omecenTestNG.tests.PurchasePage.oppenApplication(PurchasePage.java:12)
at omecenTestNG.tests.PurchasePage.oppenApplication(PurchasePage.java:12)
at omecenTestNG.tests.PurchasePage.oppenApplication(PurchasePage.java:12)
at omecenTestNG.tests.PurchasePage.oppenApplication(PurchasePage.java:12)
at omecenTestNG.tests.PurchasePage.oppenApplication(PurchasePage.java:12)
at omecenTestNG.tests.PurchasePage.oppenApplication(PurchasePage.java:12)
at omecenTestNG.tests.PurchasePage.oppenApplication(PurchasePage.java:12)
at omecenTestNG.tests.PurchasePage.oppenApplication(PurchasePage.java:12)
at omecenTestNG.tests.PurchasePage.oppenApplication(PurchasePage.java:12)
at omecenTestNG.tests.PurchasePage.oppenApplication(PurchasePage.java:12)
at omecenTestNG.tests.PurchasePage.oppenApplication(PurchasePage.java:12)
at omecenTestNG.tests.PurchasePage.oppenApplication(PurchasePage.java:12)
at omecenTestNG.tests.PurchasePage.oppenApplication(PurchasePage.java:12)
at omecenTestNG.tests.PurchasePage.oppenApplication(PurchasePage.java:12)
at omecenTestNG.tests.PurchasePage.oppenApplication(PurchasePage.java:12)
at omecenTestNG.tests.PurchasePage.oppenApplication(PurchasePage.java:12)
at omecenTestNG.tests.PurchasePage.oppenApplication(PurchasePage.java:12)
at omecenTestNG.tests.PurchasePage.oppenApplication(PurchasePage.java:12)
at omecenTestNG.tests.PurchasePage.oppenApplication(PurchasePage.java:12)
at omecenTestNG.tests.PurchasePage.oppenApplication(PurchasePage.java:12)
at omecenTestNG.tests.PurchasePage.oppenApplication(PurchasePage.java:12)
at omecenTestNG.tests.PurchasePage.oppenApplication(PurchasePage.java:12)
at omecenTestNG.tests.PurchasePage.oppenApplication(PurchasePage.java:12)
at omecenTestNG.tests.PurchasePage.oppenApplication(PurchasePage.java:12)
at omecenTestNG.tests.PurchasePage.oppenApplication(PurchasePage.java:12)
at omecenTestNG.tests.PurchasePage.oppenApplication(PurchasePage.java:12)
at omecenTestNG.tests.PurchasePage.oppenApplication(PurchasePage.java:12)
at omecenTestNG.tests.PurchasePage.oppenApplication(PurchasePage.java:12)
at omecenTestNG.tests.PurchasePage.oppenApplication(PurchasePage.java:12)
at omecenTestNG.tests.PurchasePage.oppenApplication(PurchasePage.java:12)
at omecenTestNG.tests.PurchasePage.oppenApplication(PurchasePage.java:12)
at omecenTestNG.tests.PurchasePage.oppenApplication(PurchasePage.java:12)
at omecenTestNG.tests.PurchasePage.oppenApplication(PurchasePage.java:12)
at omecenTestNG.tests.PurchasePage.oppenApplication(PurchasePage.java:12)
at omecenTestNG.tests.PurchasePage.oppenApplication(PurchasePage.java:12)
at omecenTestNG.tests.PurchasePage.oppenApplication(PurchasePage.java:12)
at omecenTestNG.tests.PurchasePage.oppenApplication(PurchasePage.java:12)
at omecenTestNG.tests.PurchasePage.oppenApplication(PurchasePage.java:12)
at omecenTestNG.tests.PurchasePage.oppenApplication(PurchasePage.java:12)
at omecenTestNG.tests.PurchasePage.oppenApplication(PurchasePage.java:12)
at omecenTestNG.tests.PurchasePage.oppenApplication(PurchasePage.java:12)
at omecenTestNG.tests.PurchasePage.oppenApplication(PurchasePage.java:12)
at omecenTestNG.tests.PurchasePage.oppenApplication(PurchasePage.java:12)
at omecenTestNG.tests.PurchasePage.oppenApplication(PurchasePage.java:12)
at omecenTestNG.tests.PurchasePage.oppenApplication(PurchasePage.java:12)
at omecenTestNG.tests.PurchasePage.oppenApplication(PurchasePage.java:12)
at omecenTestNG.tests.PurchasePage.oppenApplication(PurchasePage.java:12)
at omecenTestNG.tests.PurchasePage.oppenApplication(PurchasePage.java:12)
at omecenTestNG.tests.PurchasePage.oppenApplication(PurchasePage.java:12)
at omecenTestNG.tests.PurchasePage.oppenApplication(PurchasePage.java:12)
at omecenTestNG.tests.PurchasePage.oppenApplication(PurchasePage.java:12)
at omecenTestNG.tests.PurchasePage.oppenApplication(PurchasePage.java:12)
at omecenTestNG.tests.PurchasePage.oppenApplication(PurchasePage.java:12)
at omecenTestNG.tests.PurchasePage.oppenApplication(PurchasePage.java:12)
at omecenTestNG.tests.PurchasePage.oppenApplication(PurchasePage.java:12)
at omecenTestNG.tests.PurchasePage.oppenApplication(PurchasePage.java:12)
at omecenTestNG.tests.PurchasePage.oppenApplication(PurchasePage.java:12)
at omecenTestNG.tests.PurchasePage.oppenApplication(PurchasePage.java:12)
at omecenTestNG.tests.PurchasePage.oppenApplication(PurchasePage.java:12)
at omecenTestNG.tests.PurchasePage.oppenApplication(PurchasePage.java:12)
at omecenTestNG.tests.PurchasePage.oppenApplication(PurchasePage.java:12)
at omecenTestNG.tests.PurchasePage.oppenApplication(PurchasePage.java:12)
at omecenTestNG.tests.PurchasePage.oppenApplication(PurchasePage.java:12)
at omecenTestNG.tests.PurchasePage.oppenApplication(PurchasePage.java:12)
at omecenTestNG.tests.PurchasePage.oppenApplication(PurchasePage.java:12)
at omecenTestNG.tests.PurchasePage.oppenApplication(PurchasePage.java:12)
at omecenTestNG.tests.PurchasePage.oppenApplication(PurchasePage.java:12)
at omecenTestNG.tests.PurchasePage.oppenApplication(PurchasePage.java:12)
at omecenTestNG.tests.PurchasePage.oppenApplication(PurchasePage.java:12)
at omecenTestNG.tests.PurchasePage.oppenApplication(PurchasePage.java:12)
at omecenTestNG.tests.PurchasePage.oppenApplication(PurchasePage.java:12)
at omecenTestNG.tests.PurchasePage.oppenApplication(PurchasePage.java:12)
at omecenTestNG.tests.PurchasePage.oppenApplication(PurchasePage.java:12)
at omecenTestNG.tests.PurchasePage.oppenApplication(PurchasePage.java:12)
at omecenTestNG.tests.PurchasePage.oppenApplication(PurchasePage.java:12)
at omecenTestNG.tests.PurchasePage.oppenApplication(PurchasePage.java:12)
at omecenTestNG.tests.PurchasePage.oppenApplication(PurchasePage.java:12)
at omecenTestNG.tests.PurchasePage.oppenApplication(PurchasePage.java:12)
at omecenTestNG.tests.PurchasePage.oppenApplication(PurchasePage.java:12)
at omecenTestNG.tests.PurchasePage.oppenApplication(PurchasePage.java:12)
at omecenTestNG.tests.PurchasePage.oppenApplication(PurchasePage.java:12)
at omecenTestNG.tests.PurchasePage.oppenApplication(PurchasePage.java:12)
at omecenTestNG.tests.PurchasePage.oppenApplication(PurchasePage.java:12)
at omecenTestNG.tests.PurchasePage.oppenApplication(PurchasePage.java:12)
at omecenTestNG.tests.PurchasePage.oppenApplication(PurchasePage.java:12)
at omecenTestNG.tests.PurchasePage.oppenApplication(PurchasePage.java:12)
at omecenTestNG.tests.PurchasePage.oppenApplication(PurchasePage.java:12)
at omecenTestNG.tests.PurchasePage.oppenApplication(PurchasePage.java:12)
at omecenTestNG.tests.PurchasePage.oppenApplication(PurchasePage.java:12)
at omecenTestNG.tests.PurchasePage.oppenApplication(PurchasePage.java:12)
at omecenTestNG.tests.PurchasePage.oppenApplication(PurchasePage.java:12)
at omecenTestNG.tests.PurchasePage.oppenApplication(PurchasePage.java:12)
at omecenTestNG.tests.PurchasePage.oppenApplication(PurchasePage.java:12)
at omecenTestNG.tests.PurchasePage.oppenApplication(PurchasePage.java:12)
at omecenTestNG.tests.PurchasePage.oppenApplication(PurchasePage.java:12)
at omecenTestNG.tests.PurchasePage.oppenApplication(PurchasePage.java:12)
at omecenTestNG.tests.PurchasePage.oppenApplication(PurchasePage.java:12)
at omecenTestNG.tests.PurchasePage.oppenApplication(PurchasePage.java:12)
at omecenTestNG.tests.PurchasePage.oppenApplication(PurchasePage.java:12)
at omecenTestNG.tests.PurchasePage.oppenApplication(PurchasePage.java:12)
at omecenTestNG.tests.PurchasePage.oppenApplication(PurchasePage.java:12)
at omecenTestNG.tests.PurchasePage.oppenApplication(PurchasePage.java:12)
at omecenTestNG.tests.PurchasePage.oppenApplication(PurchasePage.java:12)
at omecenTestNG.tests.PurchasePage.oppenApplication(PurchasePage.java:12)
at omecenTestNG.tests.PurchasePage.oppenApplication(PurchasePage.java:12)
at omecenTestNG.tests.PurchasePage.oppenApplication(PurchasePage.java:12)
at omecenTestNG.tests.PurchasePage.oppenApplication(PurchasePage.java:12)
at omecenTestNG.tests.PurchasePage.oppenApplication(PurchasePage.java:12)
at omecenTestNG.tests.PurchasePage.oppenApplication(PurchasePage.java:12)
at omecenTestNG.tests.PurchasePage.oppenApplication(PurchasePage.java:12)
at omecenTestNG.tests.PurchasePage.oppenApplication(PurchasePage.java:12)
at omecenTestNG.tests.PurchasePage.oppenApplication(PurchasePage.java:12)
at omecenTestNG.tests.PurchasePage.oppenApplication(PurchasePage.java:12)
at omecenTestNG.tests.PurchasePage.oppenApplication(PurchasePage.java:12)
at omecenTestNG.tests.PurchasePage.oppenApplication(PurchasePage.java:12)
at omecenTestNG.tests.PurchasePage.oppenApplication(PurchasePage.java:12)
at omecenTestNG.tests.PurchasePage.oppenApplication(PurchasePage.java:12)
at omecenTestNG.tests.PurchasePage.oppenApplication(PurchasePage.java:12)
at omecenTestNG.tests.PurchasePage.oppenApplication(PurchasePage.java:12)
at omecenTestNG.tests.PurchasePage.oppenApplication(PurchasePage.java:12)
at omecenTestNG.tests.PurchasePage.oppenApplication(PurchasePage.java:12)
at omecenTestNG.tests.PurchasePage.oppenApplication(PurchasePage.java:12)
at omecenTestNG.tests.PurchasePage.oppenApplication(PurchasePage.java:12)
at omecenTestNG.tests.PurchasePage.oppenApplication(PurchasePage.java:12)
at omecenTestNG.tests.PurchasePage.oppenApplication(PurchasePage.java:12)
at omecenTestNG.tests.PurchasePage.oppenApplication(PurchasePage.java:12)
at omecenTestNG.tests.PurchasePage.oppenApplication(PurchasePage.java:12)
at omecenTestNG.tests.PurchasePage.oppenApplication(PurchasePage.java:12)
at omecenTestNG.tests.PurchasePage.oppenApplication(PurchasePage.java:12)
at omecenTestNG.tests.PurchasePage.oppenApplication(PurchasePage.java:12)
at omecenTestNG.tests.PurchasePage.oppenApplication(PurchasePage.java:12)
at omecenTestNG.tests.PurchasePage.oppenApplication(PurchasePage.java:12)
at omecenTestNG.tests.PurchasePage.oppenApplication(PurchasePage.java:12)
at omecenTestNG.tests.PurchasePage.oppenApplication(PurchasePage.java:12)
at omecenTestNG.tests.PurchasePage.oppenApplication(PurchasePage.java:12)
at omecenTestNG.tests.PurchasePage.oppenApplication(PurchasePage.java:12)
at omecenTestNG.tests.PurchasePage.oppenApplication(PurchasePage.java:12)
at omecenTestNG.tests.PurchasePage.oppenApplication(PurchasePage.java:12)
at omecenTestNG.tests.PurchasePage.oppenApplication(PurchasePage.java:12)
at omecenTestNG.tests.PurchasePage.oppenApplication(PurchasePage.java:12)
at omecenTestNG.tests.PurchasePage.oppenApplication(PurchasePage.java:12)
at omecenTestNG.tests.PurchasePage.oppenApplication(PurchasePage.java:12)
at omecenTestNG.tests.PurchasePage.oppenApplication(PurchasePage.java:12)
at omecenTestNG.tests.PurchasePage.oppenApplication(PurchasePage.java:12)
at omecenTestNG.tests.PurchasePage.oppenApplication(PurchasePage.java:12)
at omecenTestNG.tests.PurchasePage.oppenApplication(PurchasePage.java:12)
at omecenTestNG.tests.PurchasePage.oppenApplication(PurchasePage.java:12)
at omecenTestNG.tests.PurchasePage.oppenApplication(PurchasePage.java:12)
at omecenTestNG.tests.PurchasePage.oppenApplication(PurchasePage.java:12)
at omecenTestNG.tests.PurchasePage.oppenApplication(PurchasePage.java:12)
at omecenTestNG.tests.PurchasePage.oppenApplication(PurchasePage.java:12)
at omecenTestNG.tests.PurchasePage.oppenApplication(PurchasePage.java:12)
at omecenTestNG.tests.PurchasePage.oppenApplication(PurchasePage.java:12)
at omecenTestNG.tests.PurchasePage.oppenApplication(PurchasePage.java:12)
at omecenTestNG.tests.PurchasePage.oppenApplication(PurchasePage.java:12)
at omecenTestNG.tests.PurchasePage.oppenApplication(PurchasePage.java:12)
at omecenTestNG.tests.PurchasePage.oppenApplication(PurchasePage.java:12)
at omecenTestNG.tests.PurchasePage.oppenApplication(PurchasePage.java:12)
at omecenTestNG.tests.PurchasePage.oppenApplication(PurchasePage.java:12)
at omecenTestNG.tests.PurchasePage.oppenApplication(PurchasePage.java:12)
at omecenTestNG.tests.PurchasePage.oppenApplication(PurchasePage.java:12)
at omecenTestNG.tests.PurchasePage.oppenApplication(PurchasePage.java:12)
at omecenTestNG.tests.PurchasePage.oppenApplication(PurchasePage.java:12)
at omecenTestNG.tests.PurchasePage.oppenApplication(PurchasePage.java:12)
at omecenTestNG.tests.PurchasePage.oppenApplication(PurchasePage.java:12)
at omecenTestNG.tests.PurchasePage.oppenApplication(PurchasePage.java:12)
at omecenTestNG.tests.PurchasePage.oppenApplication(PurchasePage.java:12)
at omecenTestNG.tests.PurchasePage.oppenApplication(PurchasePage.java:12)
at omecenTestNG.tests.PurchasePage.oppenApplication(PurchasePage.java:12)
at omecenTestNG.tests.PurchasePage.oppenApplication(PurchasePage.java:12)
at omecenTestNG.tests.PurchasePage.oppenApplication(PurchasePage.java:12)
at omecenTestNG.tests.PurchasePage.oppenApplication(PurchasePage.java:12)
at omecenTestNG.tests.PurchasePage.oppenApplication(PurchasePage.java:12)
at omecenTestNG.tests.PurchasePage.oppenApplication(PurchasePage.java:12)
at omecenTestNG.tests.PurchasePage.oppenApplication(PurchasePage.java:12)
at omecenTestNG.tests.PurchasePage.oppenApplication(PurchasePage.java:12)
at omecenTestNG.tests.PurchasePage.oppenApplication(PurchasePage.java:12)
at omecenTestNG.tests.PurchasePage.oppenApplication(PurchasePage.java:12)
at omecenTestNG.tests.PurchasePage.oppenApplication(PurchasePage.java:12)
at omecenTestNG.tests.PurchasePage.oppenApplication(PurchasePage.java:12)
at omecenTestNG.tests.PurchasePage.oppenApplication(PurchasePage.java:12)
at omecenTestNG.tests.PurchasePage.oppenApplication(PurchasePage.java:12)
at omecenTestNG.tests.PurchasePage.oppenApplication(PurchasePage.java:12)
at omecenTestNG.tests.PurchasePage.oppenApplication(PurchasePage.java:12)
at omecenTestNG.tests.PurchasePage.oppenApplication(PurchasePage.java:12)
at omecenTestNG.tests.PurchasePage.oppenApplication(PurchasePage.java:12)
at omecenTestNG.tests.PurchasePage.oppenApplication(PurchasePage.java:12)
at omecenTestNG.tests.PurchasePage.oppenApplication(PurchasePage.java:12)
at omecenTestNG.tests.PurchasePage.oppenApplication(PurchasePage.java:12)
at omecenTestNG.tests.PurchasePage.oppenApplication(PurchasePage.java:12)
at omecenTestNG.tests.PurchasePage.oppenApplication(PurchasePage.java:12)
at omecenTestNG.tests.PurchasePage.oppenApplication(PurchasePage.java:12)
at omecenTestNG.tests.PurchasePage.oppenApplication(PurchasePage.java:12)
at omecenTestNG.tests.PurchasePage.oppenApplication(PurchasePage.java:12)
at omecenTestNG.tests.PurchasePage.oppenApplication(PurchasePage.java:12)
at omecenTestNG.tests.PurchasePage.oppenApplication(PurchasePage.java:12)
at omecenTestNG.tests.PurchasePage.oppenApplication(PurchasePage.java:12)
at omecenTestNG.tests.PurchasePage.oppenApplication(PurchasePage.java:12)
at omecenTestNG.tests.PurchasePage.oppenApplication(PurchasePage.java:12)
at omecenTestNG.tests.PurchasePage.oppenApplication(PurchasePage.java:12)
at omecenTestNG.tests.PurchasePage.oppenApplication(PurchasePage.java:12)
at omecenTestNG.tests.PurchasePage.oppenApplication(PurchasePage.java:12)
at omecenTestNG.tests.PurchasePage.oppenApplication(PurchasePage.java:12)
at omecenTestNG.tests.PurchasePage.oppenApplication(PurchasePage.java:12)
at omecenTestNG.tests.PurchasePage.oppenApplication(PurchasePage.java:12)
at omecenTestNG.tests.PurchasePage.oppenApplication(PurchasePage.java:12)
at omecenTestNG.tests.PurchasePage.oppenApplication(PurchasePage.java:12)
at omecenTestNG.tests.PurchasePage.oppenApplication(PurchasePage.java:12)
at omecenTestNG.tests.PurchasePage.oppenApplication(PurchasePage.java:12)
at omecenTestNG.tests.PurchasePage.oppenApplication(PurchasePage.java:12)
at omecenTestNG.tests.PurchasePage.oppenApplication(PurchasePage.java:12)
at omecenTestNG.tests.PurchasePage.oppenApplication(PurchasePage.java:12)
at omecenTestNG.tests.PurchasePage.oppenApplication(PurchasePage.java:12)
at omecenTestNG.tests.PurchasePage.oppenApplication(PurchasePage.java:12)
at omecenTestNG.tests.PurchasePage.oppenApplication(PurchasePage.java:12)
at omecenTestNG.tests.PurchasePage.oppenApplication(PurchasePage.java:12)
at omecenTestNG.tests.PurchasePage.oppenApplication(PurchasePage.java:12)
at omecenTestNG.tests.PurchasePage.oppenApplication(PurchasePage.java:12)
at omecenTestNG.tests.PurchasePage.oppenApplication(PurchasePage.java:12)
at omecenTestNG.tests.PurchasePage.oppenApplication(PurchasePage.java:12)
at omecenTestNG.tests.PurchasePage.oppenApplication(PurchasePage.java:12)
at omecenTestNG.tests.PurchasePage.oppenApplication(PurchasePage.java:12)
at omecenTestNG.tests.PurchasePage.oppenApplication(PurchasePage.java:12)
at omecenTestNG.tests.PurchasePage.oppenApplication(PurchasePage.java:12)
at omecenTestNG.tests.PurchasePage.oppenApplication(PurchasePage.java:12)
at omecenTestNG.tests.PurchasePage.oppenApplication(PurchasePage.java:12)
at omecenTestNG.tests.PurchasePage.oppenApplication(PurchasePage.java:12)
at omecenTestNG.tests.PurchasePage.oppenApplication(PurchasePage.java:12)
at omecenTestNG.tests.PurchasePage.oppenApplication(PurchasePage.java:12)
at omecenTestNG.tests.PurchasePage.oppenApplication(PurchasePage.java:12)
at omecenTestNG.tests.PurchasePage.oppenApplication(PurchasePage.java:12)
at omecenTestNG.tests.PurchasePage.oppenApplication(PurchasePage.java:12)
at omecenTestNG.tests.PurchasePage.oppenApplication(PurchasePage.java:12)
at omecenTestNG.tests.PurchasePage.oppenApplication(PurchasePage.java:12)
at omecenTestNG.tests.PurchasePage.oppenApplication(PurchasePage.java:12)
at omecenTestNG.tests.PurchasePage.oppenApplication(PurchasePage.java:12)
at omecenTestNG.tests.PurchasePage.oppenApplication(PurchasePage.java:12)
at omecenTestNG.tests.PurchasePage.oppenApplication(PurchasePage.java:12)
at omecenTestNG.tests.PurchasePage.oppenApplication(PurchasePage.java:12)
at omecenTestNG.tests.PurchasePage.oppenApplication(PurchasePage.java:12)
at omecenTestNG.tests.PurchasePage.oppenApplication(PurchasePage.java:12)
at omecenTestNG.tests.PurchasePage.oppenApplication(PurchasePage.java:12)
at omecenTestNG.tests.PurchasePage.oppenApplication(PurchasePage.java:12)
at omecenTestNG.tests.PurchasePage.oppenApplication(PurchasePage.java:12)
at omecenTestNG.tests.PurchasePage.oppenApplication(PurchasePage.java:12)
at omecenTestNG.tests.PurchasePage.oppenApplication(PurchasePage.java:12)
at omecenTestNG.tests.PurchasePage.oppenApplication(PurchasePage.java:12)
at omecenTestNG.tests.PurchasePage.oppenApplication(PurchasePage.java:12)
at omecenTestNG.tests.PurchasePage.oppenApplication(PurchasePage.java:12)
at omecenTestNG.tests.PurchasePage.oppenApplication(PurchasePage.java:12)
at omecenTestNG.tests.PurchasePage.oppenApplication(PurchasePage.java:12)
at omecenTestNG.tests.PurchasePage.oppenApplication(PurchasePage.java:12)
at omecenTestNG.tests.PurchasePage.oppenApplication(PurchasePage.java:12)
at omecenTestNG.tests.PurchasePage.oppenApplication(PurchasePage.java:12)
at omecenTestNG.tests.PurchasePage.oppenApplication(PurchasePage.java:12)
at omecenTestNG.tests.PurchasePage.oppenApplication(PurchasePage.java:12)
at omecenTestNG.tests.PurchasePage.oppenApplication(PurchasePage.java:12)
at omecenTestNG.tests.PurchasePage.oppenApplication(PurchasePage.java:12)
at omecenTestNG.tests.PurchasePage.oppenApplication(PurchasePage.java:12)
at omecenTestNG.tests.PurchasePage.oppenApplication(PurchasePage.java:12)
at omecenTestNG.tests.PurchasePage.oppenApplication(PurchasePage.java:12)
at omecenTestNG.tests.PurchasePage.oppenApplication(PurchasePage.java:12)
at omecenTestNG.tests.PurchasePage.oppenApplication(PurchasePage.java:12)
at omecenTestNG.tests.PurchasePage.oppenApplication(PurchasePage.java:12)
at omecenTestNG.tests.PurchasePage.oppenApplication(PurchasePage.java:12)
at omecenTestNG.tests.PurchasePage.oppenApplication(PurchasePage.java:12)
at omecenTestNG.tests.PurchasePage.oppenApplication(PurchasePage.java:12)
at omecenTestNG.tests.PurchasePage.oppenApplication(PurchasePage.java:12)
at omecenTestNG.tests.PurchasePage.oppenApplication(PurchasePage.java:12)
at omecenTestNG.tests.PurchasePage.oppenApplication(PurchasePage.java:12)
at omecenTestNG.tests.PurchasePage.oppenApplication(PurchasePage.java:12)
at omecenTestNG.tests.PurchasePage.oppenApplication(PurchasePage.java:12)
at omecenTestNG.tests.PurchasePage.oppenApplication(PurchasePage.java:12)
at omecenTestNG.tests.PurchasePage.oppenApplication(PurchasePage.java:12)
at omecenTestNG.tests.PurchasePage.oppenApplication(PurchasePage.java:12)
at omecenTestNG.tests.PurchasePage.oppenApplication(PurchasePage.java:12)
at omecenTestNG.tests.PurchasePage.oppenApplication(PurchasePage.java:12)
at omecenTestNG.tests.PurchasePage.oppenApplication(PurchasePage.java:12)
at omecenTestNG.tests.PurchasePage.oppenApplication(PurchasePage.java:12)
at omecenTestNG.tests.PurchasePage.oppenApplication(PurchasePage.java:12)
at omecenTestNG.tests.PurchasePage.oppenApplication(PurchasePage.java:12)
at omecenTestNG.tests.PurchasePage.oppenApplication(PurchasePage.java:12)
at omecenTestNG.tests.PurchasePage.oppenApplication(PurchasePage.java:12)
at omecenTestNG.tests.PurchasePage.oppenApplication(PurchasePage.java:12)
at omecenTestNG.tests.PurchasePage.oppenApplication(PurchasePage.java:12)
at omecenTestNG.tests.PurchasePage.oppenApplication(PurchasePage.java:12)
at omecenTestNG.tests.PurchasePage.oppenApplication(PurchasePage.java:12)
at omecenTestNG.tests.PurchasePage.oppenApplication(PurchasePage.java:12)
at omecenTestNG.tests.PurchasePage.oppenApplication(PurchasePage.java:12)
at omecenTestNG.tests.PurchasePage.oppenApplication(PurchasePage.java:12)
at omecenTestNG.tests.PurchasePage.oppenApplication(PurchasePage.java:12)
at omecenTestNG.tests.PurchasePage.oppenApplication(PurchasePage.java:12)
at omecenTestNG.tests.PurchasePage.oppenApplication(PurchasePage.java:12)
at omecenTestNG.tests.PurchasePage.oppenApplication(PurchasePage.java:12)
at omecenTestNG.tests.PurchasePage.oppenApplication(PurchasePage.java:12)
at omecenTestNG.tests.PurchasePage.oppenApplication(PurchasePage.java:12)
at omecenTestNG.tests.PurchasePage.oppenApplication(PurchasePage.java:12)
at omecenTestNG.tests.PurchasePage.oppenApplication(PurchasePage.java:12)
at omecenTestNG.tests.PurchasePage.oppenApplication(PurchasePage.java:12)
at omecenTestNG.tests.PurchasePage.oppenApplication(PurchasePage.java:12)
at omecenTestNG.tests.PurchasePage.oppenApplication(PurchasePage.java:12)
at omecenTestNG.tests.PurchasePage.oppenApplication(PurchasePage.java:12)
at omecenTestNG.tests.PurchasePage.oppenApplication(PurchasePage.java:12)
at omecenTestNG.tests.PurchasePage.oppenApplication(PurchasePage.java:12)
at omecenTestNG.tests.PurchasePage.oppenApplication(PurchasePage.java:12)
at omecenTestNG.tests.PurchasePage.oppenApplication(PurchasePage.java:12)
at omecenTestNG.tests.PurchasePage.oppenApplication(PurchasePage.java:12)
at omecenTestNG.tests.PurchasePage.oppenApplication(PurchasePage.java:12)
at omecenTestNG.tests.PurchasePage.oppenApplication(PurchasePage.java:12)
at omecenTestNG.tests.PurchasePage.oppenApplication(PurchasePage.java:12)
at omecenTestNG.tests.PurchasePage.oppenApplication(PurchasePage.java:12)
at omecenTestNG.tests.PurchasePage.oppenApplication(PurchasePage.java:12)
at omecenTestNG.tests.PurchasePage.oppenApplication(PurchasePage.java:12)
at omecenTestNG.tests.PurchasePage.oppenApplication(PurchasePage.java:12)
at omecenTestNG.tests.PurchasePage.oppenApplication(PurchasePage.java:12)
at omecenTestNG.tests.PurchasePage.oppenApplication(PurchasePage.java:12)
at omecenTestNG.tests.PurchasePage.oppenApplication(PurchasePage.java:12)
at omecenTestNG.tests.PurchasePage.oppenApplication(PurchasePage.java:12)
at omecenTestNG.tests.PurchasePage.oppenApplication(PurchasePage.java:12)
at omecenTestNG.tests.PurchasePage.oppenApplication(PurchasePage.java:12)
at omecenTestNG.tests.PurchasePage.oppenApplication(PurchasePage.java:12)
at omecenTestNG.tests.PurchasePage.oppenApplication(PurchasePage.java:12)
at omecenTestNG.tests.PurchasePage.oppenApplication(PurchasePage.java:12)
at omecenTestNG.tests.PurchasePage.oppenApplication(PurchasePage.java:12)
at omecenTestNG.tests.PurchasePage.oppenApplication(PurchasePage.java:12)
at omecenTestNG.tests.PurchasePage.oppenApplication(PurchasePage.java:12)
at omecenTestNG.tests.PurchasePage.oppenApplication(PurchasePage.java:12)
at omecenTestNG.tests.PurchasePage.oppenApplication(PurchasePage.java:12)
at omecenTestNG.tests.PurchasePage.oppenApplication(PurchasePage.java:12)
at omecenTestNG.tests.PurchasePage.oppenApplication(PurchasePage.java:12)
at omecenTestNG.tests.PurchasePage.oppenApplication(PurchasePage.java:12)
at omecenTestNG.tests.PurchasePage.oppenApplication(PurchasePage.java:12)
at omecenTestNG.tests.PurchasePage.oppenApplication(PurchasePage.java:12)
at omecenTestNG.tests.PurchasePage.oppenApplication(PurchasePage.java:12)
at omecenTestNG.tests.PurchasePage.oppenApplication(PurchasePage.java:12)
at omecenTestNG.tests.PurchasePage.oppenApplication(PurchasePage.java:12)
at omecenTestNG.tests.PurchasePage.oppenApplication(PurchasePage.java:12)
at omecenTestNG.tests.PurchasePage.oppenApplication(PurchasePage.java:12)
at omecenTestNG.tests.PurchasePage.oppenApplication(PurchasePage.java:12)
at omecenTestNG.tests.PurchasePage.oppenApplication(PurchasePage.java:12)
at omecenTestNG.tests.PurchasePage.oppenApplication(PurchasePage.java:12)
at omecenTestNG.tests.PurchasePage.oppenApplication(PurchasePage.java:12)
at omecenTestNG.tests.PurchasePage.oppenApplication(PurchasePage.java:12)
at omecenTestNG.tests.PurchasePage.oppenApplication(PurchasePage.java:12)
at omecenTestNG.tests.PurchasePage.oppenApplication(PurchasePage.java:12)
at omecenTestNG.tests.PurchasePage.oppenApplication(PurchasePage.java:12)
at omecenTestNG.tests.PurchasePage.oppenApplication(PurchasePage.java:12)
at omecenTestNG.tests.PurchasePage.oppenApplication(PurchasePage.java:12)
at omecenTestNG.tests.PurchasePage.oppenApplication(PurchasePage.java:12)
at omecenTestNG.tests.PurchasePage.oppenApplication(PurchasePage.java:12)
at omecenTestNG.tests.PurchasePage.oppenApplication(PurchasePage.java:12)
at omecenTestNG.tests.PurchasePage.oppenApplication(PurchasePage.java:12)
at omecenTestNG.tests.PurchasePage.oppenApplication(PurchasePage.java:12)
at omecenTestNG.tests.PurchasePage.oppenApplication(PurchasePage.java:12)
at omecenTestNG.tests.PurchasePage.oppenApplication(PurchasePage.java:12)
at omecenTestNG.tests.PurchasePage.oppenApplication(PurchasePage.java:12)
at omecenTestNG.tests.PurchasePage.oppenApplication(PurchasePage.java:12)
at omecenTestNG.tests.PurchasePage.oppenApplication(PurchasePage.java:12)
at omecenTestNG.tests.PurchasePage.oppenApplication(PurchasePage.java:12)
at omecenTestNG.tests.PurchasePage.oppenApplication(PurchasePage.java:12)
at omecenTestNG.tests.PurchasePage.oppenApplication(PurchasePage.java:12)
at omecenTestNG.tests.PurchasePage.oppenApplication(PurchasePage.java:12)
at omecenTestNG.tests.PurchasePage.oppenApplication(PurchasePage.java:12)
at omecenTestNG.tests.PurchasePage.oppenApplication(PurchasePage.java:12)
at omecenTestNG.tests.PurchasePage.oppenApplication(PurchasePage.java:12)
at omecenTestNG.tests.PurchasePage.oppenApplication(PurchasePage.java:12)
at omecenTestNG.tests.PurchasePage.oppenApplication(PurchasePage.java:12)
at omecenTestNG.tests.PurchasePage.oppenApplication(PurchasePage.java:12)
at omecenTestNG.tests.PurchasePage.oppenApplication(PurchasePage.java:12)
at omecenTestNG.tests.PurchasePage.oppenApplication(PurchasePage.java:12)
at omecenTestNG.tests.PurchasePage.oppenApplication(PurchasePage.java:12)
at omecenTestNG.tests.PurchasePage.oppenApplication(PurchasePage.java:12)
at omecenTestNG.tests.PurchasePage.oppenApplication(PurchasePage.java:12)
at omecenTestNG.tests.PurchasePage.oppenApplication(PurchasePage.java:12)
at omecenTestNG.tests.PurchasePage.oppenApplication(PurchasePage.java:12)
at omecenTestNG.tests.PurchasePage.oppenApplication(PurchasePage.java:12)
at omecenTestNG.tests.PurchasePage.oppenApplication(PurchasePage.java:12)
at omecenTestNG.tests.PurchasePage.oppenApplication(PurchasePage.java:12)
at omecenTestNG.tests.PurchasePage.oppenApplication(PurchasePage.java:12)
at omecenTestNG.tests.PurchasePage.oppenApplication(PurchasePage.java:12)
at omecenTestNG.tests.PurchasePage.oppenApplication(PurchasePage.java:12)
at omecenTestNG.tests.PurchasePage.oppenApplication(PurchasePage.java:12)
at omecenTestNG.tests.PurchasePage.oppenApplication(PurchasePage.java:12)
at omecenTestNG.tests.PurchasePage.oppenApplication(PurchasePage.java:12)
at omecenTestNG.tests.PurchasePage.oppenApplication(PurchasePage.java:12)
at omecenTestNG.tests.PurchasePage.oppenApplication(PurchasePage.java:12)
at omecenTestNG.tests.PurchasePage.oppenApplication(PurchasePage.java:12)
at omecenTestNG.tests.PurchasePage.oppenApplication(PurchasePage.java:12)
at omecenTestNG.tests.PurchasePage.oppenApplication(PurchasePage.java:12)
at omecenTestNG.tests.PurchasePage.oppenApplication(PurchasePage.java:12)
at omecenTestNG.tests.PurchasePage.oppenApplication(PurchasePage.java:12)
at omecenTestNG.tests.PurchasePage.oppenApplication(PurchasePage.java:12)
at omecenTestNG.tests.PurchasePage.oppenApplication(PurchasePage.java:12)
at omecenTestNG.tests.PurchasePage.oppenApplication(PurchasePage.java:12)
at omecenTestNG.tests.PurchasePage.oppenApplication(PurchasePage.java:12)
at omecenTestNG.tests.PurchasePage.oppenApplication(PurchasePage.java:12)
at omecenTestNG.tests.PurchasePage.oppenApplication(PurchasePage.java:12)
at omecenTestNG.tests.PurchasePage.oppenApplication(PurchasePage.java:12)
at omecenTestNG.tests.PurchasePage.oppenApplication(PurchasePage.java:12)
at omecenTestNG.tests.PurchasePage.oppenApplication(PurchasePage.java:12)
at omecenTestNG.tests.PurchasePage.oppenApplication(PurchasePage.java:12)
at omecenTestNG.tests.PurchasePage.oppenApplication(PurchasePage.java:12)
at omecenTestNG.tests.PurchasePage.oppenApplication(PurchasePage.java:12)
at omecenTestNG.tests.PurchasePage.oppenApplication(PurchasePage.java:12)
at omecenTestNG.tests.PurchasePage.oppenApplication(PurchasePage.java:12)
at omecenTestNG.tests.PurchasePage.oppenApplication(PurchasePage.java:12)
at omecenTestNG.tests.PurchasePage.oppenApplication(PurchasePage.java:12)
at omecenTestNG.tests.PurchasePage.oppenApplication(PurchasePage.java:12)
at omecenTestNG.tests.PurchasePage.oppenApplication(PurchasePage.java:12)
at omecenTestNG.tests.PurchasePage.oppenApplication(PurchasePage.java:12)
at omecenTestNG.tests.PurchasePage.oppenApplication(PurchasePage.java:12)
at omecenTestNG.tests.PurchasePage.oppenApplication(PurchasePage.java:12)
at omecenTestNG.tests.PurchasePage.oppenApplication(PurchasePage.java:12)
at omecenTestNG.tests.PurchasePage.oppenApplication(PurchasePage.java:12)
at omecenTestNG.tests.PurchasePage.oppenApplication(PurchasePage.java:12)
at omecenTestNG.tests.PurchasePage.oppenApplication(PurchasePage.java:12)
at omecenTestNG.tests.PurchasePage.oppenApplication(PurchasePage.java:12)
at omecenTestNG.tests.PurchasePage.oppenApplication(PurchasePage.java:12)
at omecenTestNG.tests.PurchasePage.oppenApplication(PurchasePage.java:12)
at omecenTestNG.tests.PurchasePage.oppenApplication(PurchasePage.java:12)
at omecenTestNG.tests.PurchasePage.oppenApplication(PurchasePage.java:12)
at omecenTestNG.tests.PurchasePage.oppenApplication(PurchasePage.java:12)
at omecenTestNG.tests.PurchasePage.oppenApplication(PurchasePage.java:12)
at omecenTestNG.tests.PurchasePage.oppenApplication(PurchasePage.java:12)
at omecenTestNG.tests.PurchasePage.oppenApplication(PurchasePage.java:12)
at omecenTestNG.tests.PurchasePage.oppenApplication(PurchasePage.java:12)
at omecenTestNG.tests.PurchasePage.oppenApplication(PurchasePage.java:12)
at omecenTestNG.tests.PurchasePage.oppenApplication(PurchasePage.java:12)
at omecenTestNG.tests.PurchasePage.oppenApplication(PurchasePage.java:12)
at omecenTestNG.tests.PurchasePage.oppenApplication(PurchasePage.java:12)
at omecenTestNG.tests.PurchasePage.oppenApplication(PurchasePage.java:12)
at omecenTestNG.tests.PurchasePage.oppenApplication(PurchasePage.java:12)
at omecenTestNG.tests.PurchasePage.oppenApplication(PurchasePage.java:12)
at omecenTestNG.tests.PurchasePage.oppenApplication(PurchasePage.java:12)
at omecenTestNG.tests.PurchasePage.oppenApplication(PurchasePage.java:12)
at omecenTestNG.tests.PurchasePage.oppenApplication(PurchasePage.java:12)
at omecenTestNG.tests.PurchasePage.oppenApplication(PurchasePage.java:12)
at omecenTestNG.tests.PurchasePage.oppenApplication(PurchasePage.java:12)
at omecenTestNG.tests.PurchasePage.oppenApplication(PurchasePage.java:12)
at omecenTestNG.tests.PurchasePage.oppenApplication(PurchasePage.java:12)
at omecenTestNG.tests.PurchasePage.oppenApplication(PurchasePage.java:12)
at omecenTestNG.tests.PurchasePage.oppenApplication(PurchasePage.java:12)
at omecenTestNG.tests.PurchasePage.oppenApplication(PurchasePage.java:12)
at omecenTestNG.tests.PurchasePage.oppenApplication(PurchasePage.java:12)
at omecenTestNG.tests.PurchasePage.oppenApplication(PurchasePage.java:12)
at omecenTestNG.tests.PurchasePage.oppenApplication(PurchasePage.java:12)
at omecenTestNG.tests.PurchasePage.oppenApplication(PurchasePage.java:12)
at omecenTestNG.tests.PurchasePage.oppenApplication(PurchasePage.java:12)
at omecenTestNG.tests.PurchasePage.oppenApplication(PurchasePage.java:12)
at omecenTestNG.tests.PurchasePage.oppenApplication(PurchasePage.java:12)
at omecenTestNG.tests.PurchasePage.oppenApplication(PurchasePage.java:12)
at omecenTestNG.tests.PurchasePage.oppenApplication(PurchasePage.java:12)
at omecenTestNG.tests.PurchasePage.oppenApplication(PurchasePage.java:12)
at omecenTestNG.tests.PurchasePage.oppenApplication(PurchasePage.java:12)
at omecenTestNG.tests.PurchasePage.oppenApplication(PurchasePage.java:12)
at omecenTestNG.tests.PurchasePage.oppenApplication(PurchasePage.java:12)
at omecenTestNG.tests.PurchasePage.oppenApplication(PurchasePage.java:12)
at omecenTestNG.tests.PurchasePage.oppenApplication(PurchasePage.java:12)
at omecenTestNG.tests.PurchasePage.oppenApplication(PurchasePage.java:12)
at omecenTestNG.tests.PurchasePage.oppenApplication(PurchasePage.java:12)
at omecenTestNG.tests.PurchasePage.oppenApplication(PurchasePage.java:12)
at omecenTestNG.tests.PurchasePage.oppenApplication(PurchasePage.java:12)
at omecenTestNG.tests.PurchasePage.oppenApplication(PurchasePage.java:12)
at omecenTestNG.tests.PurchasePage.oppenApplication(PurchasePage.java:12)
at omecenTestNG.tests.PurchasePage.oppenApplication(PurchasePage.java:12)
at omecenTestNG.tests.PurchasePage.oppenApplication(PurchasePage.java:12)
at omecenTestNG.tests.PurchasePage.oppenApplication(PurchasePage.java:12)
at omecenTestNG.tests.PurchasePage.oppenApplication(PurchasePage.java:12)
at omecenTestNG.tests.PurchasePage.oppenApplication(PurchasePage.java:12)
at omecenTestNG.tests.PurchasePage.oppenApplication(PurchasePage.java:12)
at omecenTestNG.tests.PurchasePage.oppenApplication(PurchasePage.java:12)
at omecenTestNG.tests.PurchasePage.oppenApplication(PurchasePage.java:12)
at omecenTestNG.tests.PurchasePage.oppenApplication(PurchasePage.java:12)
at omecenTestNG.tests.PurchasePage.oppenApplication(PurchasePage.java:12)
at omecenTestNG.tests.PurchasePage.oppenApplication(PurchasePage.java:12)
at omecenTestNG.tests.PurchasePage.oppenApplication(PurchasePage.java:12)
at omecenTestNG.tests.PurchasePage.oppenApplication(PurchasePage.java:12)
at omecenTestNG.tests.PurchasePage.oppenApplication(PurchasePage.java:12)
at omecenTestNG.tests.PurchasePage.oppenApplication(PurchasePage.java:12)
at omecenTestNG.tests.PurchasePage.oppenApplication(PurchasePage.java:12)
at omecenTestNG.tests.PurchasePage.oppenApplication(PurchasePage.java:12)
at omecenTestNG.tests.PurchasePage.oppenApplication(PurchasePage.java:12)
at omecenTestNG.tests.PurchasePage.oppenApplication(PurchasePage.java:12)
at omecenTestNG.tests.PurchasePage.oppenApplication(PurchasePage.java:12)
at omecenTestNG.tests.PurchasePage.oppenApplication(PurchasePage.java:12)
at omecenTestNG.tests.PurchasePage.oppenApplication(PurchasePage.java:12)
at omecenTestNG.tests.PurchasePage.oppenApplication(PurchasePage.java:12)
at omecenTestNG.tests.PurchasePage.oppenApplication(PurchasePage.java:12)
at omecenTestNG.tests.PurchasePage.oppenApplication(PurchasePage.java:12)
at omecenTestNG.tests.PurchasePage.oppenApplication(PurchasePage.java:12)
at omecenTestNG.tests.PurchasePage.oppenApplication(PurchasePage.java:12)
at omecenTestNG.tests.PurchasePage.oppenApplication(PurchasePage.java:12)
at omecenTestNG.tests.PurchasePage.oppenApplication(PurchasePage.java:12)
at omecenTestNG.tests.PurchasePage.oppenApplication(PurchasePage.java:12)
at omecenTestNG.tests.PurchasePage.oppenApplication(PurchasePage.java:12)
at omecenTestNG.tests.PurchasePage.oppenApplication(PurchasePage.java:12)
at omecenTestNG.tests.PurchasePage.oppenApplication(PurchasePage.java:12)
at omecenTestNG.tests.PurchasePage.oppenApplication(PurchasePage.java:12)
at omecenTestNG.tests.PurchasePage.oppenApplication(PurchasePage.java:12)
at omecenTestNG.tests.PurchasePage.oppenApplication(PurchasePage.java:12)
at omecenTestNG.tests.PurchasePage.oppenApplication(PurchasePage.java:12)
at omecenTestNG.tests.PurchasePage.oppenApplication(PurchasePage.java:12)
at omecenTestNG.tests.PurchasePage.oppenApplication(PurchasePage.java:12)
at omecenTestNG.tests.PurchasePage.oppenApplication(PurchasePage.java:12)
at omecenTestNG.tests.PurchasePage.oppenApplication(PurchasePage.java:12)
at omecenTestNG.tests.PurchasePage.oppenApplication(PurchasePage.java:12)
at omecenTestNG.tests.PurchasePage.oppenApplication(PurchasePage.java:12)
at omecenTestNG.tests.PurchasePage.oppenApplication(PurchasePage.java:12)
at omecenTestNG.tests.PurchasePage.oppenApplication(PurchasePage.java:12)
at omecenTestNG.tests.PurchasePage.oppenApplication(PurchasePage.java:12)
at omecenTestNG.tests.PurchasePage.oppenApplication(PurchasePage.java:12)
at omecenTestNG.tests.PurchasePage.oppenApplication(PurchasePage.java:12)
at omecenTestNG.tests.PurchasePage.oppenApplication(PurchasePage.java:12)
at omecenTestNG.tests.PurchasePage.oppenApplication(PurchasePage.java:12)
at omecenTestNG.tests.PurchasePage.oppenApplication(PurchasePage.java:12)
at omecenTestNG.tests.PurchasePage.oppenApplication(PurchasePage.java:12)
at omecenTestNG.tests.PurchasePage.oppenApplication(PurchasePage.java:12)
at omecenTestNG.tests.PurchasePage.oppenApplication(PurchasePage.java:12)
at omecenTestNG.tests.PurchasePage.oppenApplication(PurchasePage.java:12)
at omecenTestNG.tests.PurchasePage.oppenApplication(PurchasePage.java:12)
at omecenTestNG.tests.PurchasePage.oppenApplication(PurchasePage.java:12)
at omecenTestNG.tests.PurchasePage.oppenApplication(PurchasePage.java:12)
at omecenTestNG.tests.PurchasePage.oppenApplication(PurchasePage.java:12)
at omecenTestNG.tests.PurchasePage.oppenApplication(PurchasePage.java:12)
at omecenTestNG.tests.PurchasePage.oppenApplication(PurchasePage.java:12)
at omecenTestNG.tests.PurchasePage.oppenApplication(PurchasePage.java:12)
at omecenTestNG.tests.PurchasePage.oppenApplication(PurchasePage.java:12)
at omecenTestNG.tests.PurchasePage.oppenApplication(PurchasePage.java:12)
at omecenTestNG.tests.PurchasePage.oppenApplication(PurchasePage.java:12)
at omecenTestNG.tests.PurchasePage.oppenApplication(PurchasePage.java:12)
at omecenTestNG.tests.PurchasePage.oppenApplication(PurchasePage.java:12)
at omecenTestNG.tests.PurchasePage.oppenApplication(PurchasePage.java:12)
at omecenTestNG.tests.PurchasePage.oppenApplication(PurchasePage.java:12)
at omecenTestNG.tests.PurchasePage.oppenApplication(PurchasePage.java:12)
at omecenTestNG.tests.PurchasePage.oppenApplication(PurchasePage.java:12)
at omecenTestNG.tests.PurchasePage.oppenApplication(PurchasePage.java:12)
at omecenTestNG.tests.PurchasePage.oppenApplication(PurchasePage.java:12)
at omecenTestNG.tests.PurchasePage.oppenApplication(PurchasePage.java:12)
at omecenTestNG.tests.PurchasePage.oppenApplication(PurchasePage.java:12)
at omecenTestNG.tests.PurchasePage.oppenApplication(PurchasePage.java:12)
at omecenTestNG.tests.PurchasePage.oppenApplication(PurchasePage.java:12)
at omecenTestNG.tests.PurchasePage.oppenApplication(PurchasePage.java:12)
at omecenTestNG.tests.PurchasePage.oppenApplication(PurchasePage.java:12)
at omecenTestNG.tests.PurchasePage.oppenApplication(PurchasePage.java:12)
at omecenTestNG.tests.PurchasePage.oppenApplication(PurchasePage.java:12)
at omecenTestNG.tests.PurchasePage.oppenApplication(PurchasePage.java:12)
at omecenTestNG.tests.PurchasePage.oppenApplication(PurchasePage.java:12)
at omecenTestNG.tests.PurchasePage.oppenApplication(PurchasePage.java:12)
at omecenTestNG.tests.PurchasePage.oppenApplication(PurchasePage.java:12)
at omecenTestNG.tests.PurchasePage.oppenApplication(PurchasePage.java:12)
at omecenTestNG.tests.PurchasePage.oppenApplication(PurchasePage.java:12)
at omecenTestNG.tests.PurchasePage.oppenApplication(PurchasePage.java:12)
at omecenTestNG.tests.PurchasePage.oppenApplication(PurchasePage.java:12)
at omecenTestNG.tests.PurchasePage.oppenApplication(PurchasePage.java:12)
at omecenTestNG.tests.PurchasePage.oppenApplication(PurchasePage.java:12)
at omecenTestNG.tests.PurchasePage.oppenApplication(PurchasePage.java:12)
at omecenTestNG.tests.PurchasePage.oppenApplication(PurchasePage.java:12)
at omecenTestNG.tests.PurchasePage.oppenApplication(PurchasePage.java:12)
at omecenTestNG.tests.PurchasePage.oppenApplication(PurchasePage.java:12)
at omecenTestNG.tests.PurchasePage.oppenApplication(PurchasePage.java:12)
at omecenTestNG.tests.PurchasePage.oppenApplication(PurchasePage.java:12)
at omecenTestNG.tests.PurchasePage.oppenApplication(PurchasePage.java:12)
at omecenTestNG.tests.PurchasePage.oppenApplication(PurchasePage.java:12)
at omecenTestNG.tests.PurchasePage.oppenApplication(PurchasePage.java:12)
at omecenTestNG.tests.PurchasePage.oppenApplication(PurchasePage.java:12)
at omecenTestNG.tests.PurchasePage.oppenApplication(PurchasePage.java:12)
at omecenTestNG.tests.PurchasePage.oppenApplication(PurchasePage.java:12)
at omecenTestNG.tests.PurchasePage.oppenApplication(PurchasePage.java:12)
at omecenTestNG.tests.PurchasePage.oppenApplication(PurchasePage.java:12)
at omecenTestNG.tests.PurchasePage.oppenApplication(PurchasePage.java:12)
at omecenTestNG.tests.PurchasePage.oppenApplication(PurchasePage.java:12)
at omecenTestNG.tests.PurchasePage.oppenApplication(PurchasePage.java:12)
at omecenTestNG.tests.PurchasePage.oppenApplication(PurchasePage.java:12)
at omecenTestNG.tests.PurchasePage.oppenApplication(PurchasePage.java:12)
at omecenTestNG.tests.PurchasePage.oppenApplication(PurchasePage.java:12)
at omecenTestNG.tests.PurchasePage.oppenApplication(PurchasePage.java:12)
at omecenTestNG.tests.PurchasePage.oppenApplication(PurchasePage.java:12)
at omecenTestNG.tests.PurchasePage.oppenApplication(PurchasePage.java:12)
at omecenTestNG.tests.PurchasePage.oppenApplication(PurchasePage.java:12)
at omecenTestNG.tests.PurchasePage.oppenApplication(PurchasePage.java:12)
at omecenTestNG.tests.PurchasePage.oppenApplication(PurchasePage.java:12)
at omecenTestNG.tests.PurchasePage.oppenApplication(PurchasePage.java:12)
at omecenTestNG.tests.PurchasePage.oppenApplication(PurchasePage.java:12)
at omecenTestNG.tests.PurchasePage.oppenApplication(PurchasePage.java:12)
at omecenTestNG.tests.PurchasePage.oppenApplication(PurchasePage.java:12)
at omecenTestNG.tests.PurchasePage.oppenApplication(PurchasePage.java:12)
at omecenTestNG.tests.PurchasePage.oppenApplication(PurchasePage.java:12)
at omecenTestNG.tests.PurchasePage.oppenApplication(PurchasePage.java:12)
at omecenTestNG.tests.PurchasePage.oppenApplication(PurchasePage.java:12)
at omecenTestNG.tests.PurchasePage.oppenApplication(PurchasePage.java:12)
at omecenTestNG.tests.PurchasePage.oppenApplication(PurchasePage.java:12)
at omecenTestNG.tests.PurchasePage.oppenApplication(PurchasePage.java:12)
at omecenTestNG.tests.PurchasePage.oppenApplication(PurchasePage.java:12)
at omecenTestNG.tests.PurchasePage.oppenApplication(PurchasePage.java:12)
at omecenTestNG.tests.PurchasePage.oppenApplication(PurchasePage.java:12)
at omecenTestNG.tests.PurchasePage.oppenApplication(PurchasePage.java:12)
at omecenTestNG.tests.PurchasePage.oppenApplication(PurchasePage.java:12)
at omecenTestNG.tests.PurchasePage.oppenApplication(PurchasePage.java:12)
at omecenTestNG.tests.PurchasePage.oppenApplication(PurchasePage.java:12)
at omecenTestNG.tests.PurchasePage.oppenApplication(PurchasePage.java:12)
at omecenTestNG.tests.PurchasePage.oppenApplication(PurchasePage.java:12)
at omecenTestNG.tests.PurchasePage.oppenApplication(PurchasePage.java:12)
at omecenTestNG.tests.PurchasePage.oppenApplication(PurchasePage.java:12)
at omecenTestNG.tests.PurchasePage.oppenApplication(PurchasePage.java:12)
at omecenTestNG.tests.PurchasePage.oppenApplication(PurchasePage.java:12)
at omecenTestNG.tests.PurchasePage.oppenApplication(PurchasePage.java:12)
at omecenTestNG.tests.PurchasePage.oppenApplication(PurchasePage.java:12)
at omecenTestNG.tests.PurchasePage.oppenApplication(PurchasePage.java:12)
at omecenTestNG.tests.PurchasePage.oppenApplication(PurchasePage.java:12)
at omecenTestNG.tests.PurchasePage.oppenApplication(PurchasePage.java:12)
at omecenTestNG.tests.PurchasePage.oppenApplication(PurchasePage.java:12)
at omecenTestNG.tests.PurchasePage.oppenApplication(PurchasePage.java:12)
at omecenTestNG.tests.PurchasePage.oppenApplication(PurchasePage.java:12)
at omecenTestNG.tests.PurchasePage.oppenApplication(PurchasePage.java:12)
at omecenTestNG.tests.PurchasePage.oppenApplication(PurchasePage.java:12)
at omecenTestNG.tests.PurchasePage.oppenApplication(PurchasePage.java:12)
at omecenTestNG.tests.PurchasePage.oppenApplication(PurchasePage.java:12)
at omecenTestNG.tests.PurchasePage.oppenApplication(PurchasePage.java:12)
at omecenTestNG.tests.PurchasePage.oppenApplication(PurchasePage.java:12)
at omecenTestNG.tests.PurchasePage.oppenApplication(PurchasePage.java:12)
at omecenTestNG.tests.PurchasePage.oppenApplication(PurchasePage.java:12)
at omecenTestNG.tests.PurchasePage.oppenApplication(PurchasePage.java:12)
at omecenTestNG.tests.PurchasePage.oppenApplication(PurchasePage.java:12)
at omecenTestNG.tests.PurchasePage.oppenApplication(PurchasePage.java:12)
at omecenTestNG.tests.PurchasePage.oppenApplication(PurchasePage.java:12)
at omecenTestNG.tests.PurchasePage.oppenApplication(PurchasePage.java:12)
at omecenTestNG.tests.PurchasePage.oppenApplication(PurchasePage.java:12)
at omecenTestNG.tests.PurchasePage.oppenApplication(PurchasePage.java:12)
at omecenTestNG.tests.PurchasePage.oppenApplication(PurchasePage.java:12)
at omecenTestNG.tests.PurchasePage.oppenApplication(PurchasePage.java:12)
at omecenTestNG.tests.PurchasePage.oppenApplication(PurchasePage.java:12)
at omecenTestNG.tests.PurchasePage.oppenApplication(PurchasePage.java:12)
at omecenTestNG.tests.PurchasePage.oppenApplication(PurchasePage.java:12)
at omecenTestNG.tests.PurchasePage.oppenApplication(PurchasePage.java:12)
at omecenTestNG.tests.PurchasePage.oppenApplication(PurchasePage.java:12)
at omecenTestNG.tests.PurchasePage.oppenApplication(PurchasePage.java:12)
at omecenTestNG.tests.PurchasePage.oppenApplication(PurchasePage.java:12)
at omecenTestNG.tests.PurchasePage.oppenApplication(PurchasePage.java:12)
at omecenTestNG.tests.PurchasePage.oppenApplication(PurchasePage.java:12)
at omecenTestNG.tests.PurchasePage.oppenApplication(PurchasePage.java:12)
at omecenTestNG.tests.PurchasePage.oppenApplication(PurchasePage.java:12)
at omecenTestNG.tests.PurchasePage.oppenApplication(PurchasePage.java:12)
at omecenTestNG.tests.PurchasePage.oppenApplication(PurchasePage.java:12)
at omecenTestNG.tests.PurchasePage.oppenApplication(PurchasePage.java:12)
at omecenTestNG.tests.PurchasePage.oppenApplication(PurchasePage.java:12)
at omecenTestNG.tests.PurchasePage.oppenApplication(PurchasePage.java:12)
at omecenTestNG.tests.PurchasePage.oppenApplication(PurchasePage.java:12)
at omecenTestNG.tests.PurchasePage.oppenApplication(PurchasePage.java:12)
at omecenTestNG.tests.PurchasePage.oppenApplication(PurchasePage.java:12)
at omecenTestNG.tests.PurchasePage.oppenApplication(PurchasePage.java:12)
at omecenTestNG.tests.PurchasePage.oppenApplication(PurchasePage.java:12)
at omecenTestNG.tests.PurchasePage.oppenApplication(PurchasePage.java:12)
at omecenTestNG.tests.PurchasePage.oppenApplication(PurchasePage.java:12)
at omecenTestNG.tests.PurchasePage.oppenApplication(PurchasePage.java:12)
at omecenTestNG.tests.PurchasePage.oppenApplication(PurchasePage.java:12)
at omecenTestNG.tests.PurchasePage.oppenApplication(PurchasePage.java:12)
at omecenTestNG.tests.PurchasePage.oppenApplication(PurchasePage.java:12)
at omecenTestNG.tests.PurchasePage.oppenApplication(PurchasePage.java:12)
at omecenTestNG.tests.PurchasePage.oppenApplication(PurchasePage.java:12)
at omecenTestNG.tests.PurchasePage.oppenApplication(PurchasePage.java:12)
at omecenTestNG.tests.PurchasePage.oppenApplication(PurchasePage.java:12)
at omecenTestNG.tests.PurchasePage.oppenApplication(PurchasePage.java:12)
at omecenTestNG.tests.PurchasePage.oppenApplication(PurchasePage.java:12)
at omecenTestNG.tests.PurchasePage.oppenApplication(PurchasePage.java:12)
at omecenTestNG.tests.PurchasePage.oppenApplication(PurchasePage.java:12)
at omecenTestNG.tests.PurchasePage.oppenApplication(PurchasePage.java:12)
at omecenTestNG.tests.PurchasePage.oppenApplication(PurchasePage.java:12)
at omecenTestNG.tests.PurchasePage.oppenApplication(PurchasePage.java:12)
at omecenTestNG.tests.PurchasePage.oppenApplication(PurchasePage.java:12)
at omecenTestNG.tests.PurchasePage.oppenApplication(PurchasePage.java:12)
at omecenTestNG.tests.PurchasePage.oppenApplication(PurchasePage.java:12)
at omecenTestNG.tests.PurchasePage.oppenApplication(PurchasePage.java:12)
at omecenTestNG.tests.PurchasePage.oppenApplication(PurchasePage.java:12)
at omecenTestNG.tests.PurchasePage.oppenApplication(PurchasePage.java:12)
at omecenTestNG.tests.PurchasePage.oppenApplication(PurchasePage.java:12)
at omecenTestNG.tests.PurchasePage.oppenApplication(PurchasePage.java:12)
at omecenTestNG.tests.PurchasePage.oppenApplication(PurchasePage.java:12)
at omecenTestNG.tests.PurchasePage.oppenApplication(PurchasePage.java:12)
at omecenTestNG.tests.PurchasePage.oppenApplication(PurchasePage.java:12)
at omecenTestNG.tests.PurchasePage.oppenApplication(PurchasePage.java:12)
at omecenTestNG.tests.PurchasePage.oppenApplication(PurchasePage.java:12)
at omecenTestNG.tests.PurchasePage.oppenApplication(PurchasePage.java:12)
at omecenTestNG.tests.PurchasePage.oppenApplication(PurchasePage.java:12)
at omecenTestNG.tests.PurchasePage.oppenApplication(PurchasePage.java:12)
at omecenTestNG.tests.PurchasePage.oppenApplication(PurchasePage.java:12)
at omecenTestNG.tests.PurchasePage.oppenApplication(PurchasePage.java:12)
at omecenTestNG.tests.PurchasePage.oppenApplication(PurchasePage.java:12)
at omecenTestNG.tests.PurchasePage.oppenApplication(PurchasePage.java:12)
at omecenTestNG.tests.PurchasePage.oppenApplication(PurchasePage.java:12)
at omecenTestNG.tests.PurchasePage.oppenApplication(PurchasePage.java:12)
at omecenTestNG.tests.PurchasePage.oppenApplication(PurchasePage.java:12)
at omecenTestNG.tests.PurchasePage.oppenApplication(PurchasePage.java:12)
at omecenTestNG.tests.PurchasePage.oppenApplication(PurchasePage.java:12)
at omecenTestNG.tests.PurchasePage.oppenApplication(PurchasePage.java:12)
at omecenTestNG.tests.PurchasePage.oppenApplication(PurchasePage.java:12)
at omecenTestNG.tests.PurchasePage.oppenApplication(PurchasePage.java:12)
at omecenTestNG.tests.PurchasePage.oppenApplication(PurchasePage.java:12)
at omecenTestNG.tests.PurchasePage.oppenApplication(PurchasePage.java:12)
at omecenTestNG.tests.PurchasePage.oppenApplication(PurchasePage.java:12)
at omecenTestNG.tests.PurchasePage.oppenApplication(PurchasePage.java:12)
at omecenTestNG.tests.PurchasePage.oppenApplication(PurchasePage.java:12)
at omecenTestNG.tests.PurchasePage.oppenApplication(PurchasePage.java:12)
at omecenTestNG.tests.PurchasePage.oppenApplication(PurchasePage.java:12)
at omecenTestNG.tests.PurchasePage.oppenApplication(PurchasePage.java:12)
at omecenTestNG.tests.PurchasePage.oppenApplication(PurchasePage.java:12)
at omecenTestNG.tests.PurchasePage.oppenApplication(PurchasePage.java:12)
at omecenTestNG.tests.PurchasePage.oppenApplication(PurchasePage.java:12)
at omecenTestNG.tests.PurchasePage.oppenApplication(PurchasePage.java:12)
at omecenTestNG.tests.PurchasePage.oppenApplication(PurchasePage.java:12)
at omecenTestNG.tests.PurchasePage.oppenApplication(PurchasePage.java:12)
at omecenTestNG.tests.PurchasePage.oppenApplication(PurchasePage.java:12)
at omecenTestNG.tests.PurchasePage.oppenApplication(PurchasePage.java:12)
at omecenTestNG.tests.PurchasePage.oppenApplication(PurchasePage.java:12)
at omecenTestNG.tests.PurchasePage.oppenApplication(PurchasePage.java:12)
at omecenTestNG.tests.PurchasePage.oppenApplication(PurchasePage.java:12)
at omecenTestNG.tests.PurchasePage.oppenApplication(PurchasePage.java:12)
at omecenTestNG.tests.PurchasePage.oppenApplication(PurchasePage.java:12)
at omecenTestNG.tests.PurchasePage.oppenApplication(PurchasePage.java:12)
at omecenTestNG.tests.PurchasePage.oppenApplication(PurchasePage.java:12)
at omecenTestNG.tests.PurchasePage.oppenApplication(PurchasePage.java:12)
at omecenTestNG.tests.PurchasePage.oppenApplication(PurchasePage.java:12)
at omecenTestNG.tests.PurchasePage.oppenApplication(PurchasePage.java:12)
at omecenTestNG.tests.PurchasePage.oppenApplication(PurchasePage.java:12)
at omecenTestNG.tests.PurchasePage.oppenApplication(PurchasePage.java:12)
at omecenTestNG.tests.PurchasePage.oppenApplication(PurchasePage.java:12)
at omecenTestNG.tests.PurchasePage.oppenApplication(PurchasePage.java:12)
at omecenTestNG.tests.PurchasePage.oppenApplication(PurchasePage.java:12)
at omecenTestNG.tests.PurchasePage.oppenApplication(PurchasePage.java:12)
at omecenTestNG.tests.PurchasePage.oppenApplication(PurchasePage.java:12)
at omecenTestNG.tests.PurchasePage.oppenApplication(PurchasePage.java:12)
at omecenTestNG.tests.PurchasePage.oppenApplication(PurchasePage.java:12)
at omecenTestNG.tests.PurchasePage.oppenApplication(PurchasePage.java:12)
at omecenTestNG.tests.PurchasePage.oppenApplication(PurchasePage.java:12)
at omecenTestNG.tests.PurchasePage.oppenApplication(PurchasePage.java:12)
at omecenTestNG.tests.PurchasePage.oppenApplication(PurchasePage.java:12)
at omecenTestNG.tests.PurchasePage.oppenApplication(PurchasePage.java:12)
at omecenTestNG.tests.PurchasePage.oppenApplication(PurchasePage.java:12)
at omecenTestNG.tests.PurchasePage.oppenApplication(PurchasePage.java:12)
at omecenTestNG.tests.PurchasePage.oppenApplication(PurchasePage.java:12)
at omecenTestNG.tests.PurchasePage.oppenApplication(PurchasePage.java:12)
at omecenTestNG.tests.PurchasePage.oppenApplication(PurchasePage.java:12)
at omecenTestNG.tests.PurchasePage.oppenApplication(PurchasePage.java:12)
at omecenTestNG.tests.PurchasePage.oppenApplication(PurchasePage.java:12)
at omecenTestNG.tests.PurchasePage.oppenApplication(PurchasePage.java:12)
at omecenTestNG.tests.PurchasePage.oppenApplication(PurchasePage.java:12)
at omecenTestNG.tests.PurchasePage.oppenApplication(PurchasePage.java:12)
at omecenTestNG.tests.PurchasePage.oppenApplication(PurchasePage.java:12)
at omecenTestNG.tests.PurchasePage.oppenApplication(PurchasePage.java:12)
at omecenTestNG.tests.PurchasePage.oppenApplication(PurchasePage.java:12)
at omecenTestNG.tests.PurchasePage.oppenApplication(PurchasePage.java:12)
at omecenTestNG.tests.PurchasePage.oppenApplication(PurchasePage.java:12)
at omecenTestNG.tests.PurchasePage.oppenApplication(PurchasePage.java:12)
at omecenTestNG.tests.PurchasePage.oppenApplication(PurchasePage.java:12)
at omecenTestNG.tests.PurchasePage.oppenApplication(PurchasePage.java:12)
at omecenTestNG.tests.PurchasePage.oppenApplication(PurchasePage.java:12)
at omecenTestNG.tests.PurchasePage.oppenApplication(PurchasePage.java:12)
at omecenTestNG.tests.PurchasePage.oppenApplication(PurchasePage.java:12)
at omecenTestNG.tests.PurchasePage.oppenApplication(PurchasePage.java:12)
at omecenTestNG.tests.PurchasePage.oppenApplication(PurchasePage.java:12)
at omecenTestNG.tests.PurchasePage.oppenApplication(PurchasePage.java:12)
at omecenTestNG.tests.PurchasePage.oppenApplication(PurchasePage.java:12)
at omecenTestNG.tests.PurchasePage.oppenApplication(PurchasePage.java:12)
at omecenTestNG.tests.PurchasePage.oppenApplication(PurchasePage.java:12)
at omecenTestNG.tests.PurchasePage.oppenApplication(PurchasePage.java:12)
at omecenTestNG.tests.PurchasePage.oppenApplication(PurchasePage.java:12)
at omecenTestNG.tests.PurchasePage.oppenApplication(PurchasePage.java:12)
at omecenTestNG.tests.PurchasePage.oppenApplication(PurchasePage.java:12)
at omecenTestNG.tests.PurchasePage.oppenApplication(PurchasePage.java:12)
at omecenTestNG.tests.PurchasePage.oppenApplication(PurchasePage.java:12)
at omecenTestNG.tests.PurchasePage.oppenApplication(PurchasePage.java:12)
at omecenTestNG.tests.PurchasePage.oppenApplication(PurchasePage.java:12)
at omecenTestNG.tests.PurchasePage.oppenApplication(PurchasePage.java:12)
at omecenTestNG.tests.PurchasePage.oppenApplication(PurchasePage.java:12)
at omecenTestNG.tests.PurchasePage.oppenApplication(PurchasePage.java:12)
at omecenTestNG.tests.PurchasePage.oppenApplication(PurchasePage.java:12)
at omecenTestNG.tests.PurchasePage.oppenApplication(PurchasePage.java:12)
at omecenTestNG.tests.PurchasePage.oppenApplication(PurchasePage.java:12)
at omecenTestNG.tests.PurchasePage.oppenApplication(PurchasePage.java:12)
at omecenTestNG.tests.PurchasePage.oppenApplication(PurchasePage.java:12)
at omecenTestNG.tests.PurchasePage.oppenApplication(PurchasePage.java:12)
at omecenTestNG.tests.PurchasePage.oppenApplication(PurchasePage.java:12)
]]>
    </error>
  </testcase> <!-- oppenApplication -->
  <system-out/>
</testsuite> <!-- omecenTestNG.tests.PurchasePage -->
